This is pdfTeX, Version 3.141592653-2.6-1.40.25 (MiKTeX 23.10.12) (preloaded format=pdflatex 2023.12.5)  18 MAR 2024 18:37
entering extended mode
 restricted \write18 enabled.
 file:line:error style messages enabled.
 %&-line parsing enabled.
**"c:/Users/randa/OneDrive - University of California, Davis/Documents/Davis/2024 Winter/EEC201/Speaker-Recognition/Paper/EEC201FinalProject.tex"
(c:/Users/randa/OneDrive - University of California, Davis/Documents/Davis/2024 Winter/EEC201/Speaker-Recognition/Paper/EEC201FinalProject.tex
LaTeX2e <2023-11-01>
L3 programming layer <2023-11-09>
(C:\Users\randa\AppData\Local\Programs\MiKTeX\tex/latex/ieeetran\IEEEtran.cls
Document Class: IEEEtran 2015/08/26 V1.8b by Michael Shell
-- See the "IEEEtran_HOWTO" manual for usage information.
-- http://www.michaelshell.org/tex/ieeetran/
\@IEEEtrantmpdimenA=\dimen140
\@IEEEtrantmpdimenB=\dimen141
\@IEEEtrantmpdimenC=\dimen142
\@IEEEtrantmpcountA=\count186
\@IEEEtrantmpcountB=\count187
\@IEEEtrantmpcountC=\count188
\@IEEEtrantmptoksA=\toks17
LaTeX Font Info:    Trying to load font information for OT1+ptm on input line 503.
(C:\Users\randa\AppData\Local\Programs\MiKTeX\tex/latex/psnfss\ot1ptm.fd
File: ot1ptm.fd 2001/06/04 font definitions for OT1/ptm.
)
-- Using 8.5in x 11in (letter) paper.
-- Using PDF output.
\@IEEEnormalsizeunitybaselineskip=\dimen143
-- This is a 10 point document.
\CLASSINFOnormalsizebaselineskip=\dimen144
\CLASSINFOnormalsizeunitybaselineskip=\dimen145
\IEEEnormaljot=\dimen146
LaTeX Font Info:    Font shape `OT1/ptm/bx/n' in size <5> not available
(Font)              Font shape `OT1/ptm/b/n' tried instead on input line 1090.
LaTeX Font Info:    Font shape `OT1/ptm/bx/it' in size <5> not available
(Font)              Font shape `OT1/ptm/b/it' tried instead on input line 1090.
LaTeX Font Info:    Font shape `OT1/ptm/bx/n' in size <7> not available
(Font)              Font shape `OT1/ptm/b/n' tried instead on input line 1090.
LaTeX Font Info:    Font shape `OT1/ptm/bx/it' in size <7> not available
(Font)              Font shape `OT1/ptm/b/it' tried instead on input line 1090.
LaTeX Font Info:    Font shape `OT1/ptm/bx/n' in size <8> not available
(Font)              Font shape `OT1/ptm/b/n' tried instead on input line 1090.
LaTeX Font Info:    Font shape `OT1/ptm/bx/it' in size <8> not available
(Font)              Font shape `OT1/ptm/b/it' tried instead on input line 1090.
LaTeX Font Info:    Font shape `OT1/ptm/bx/n' in size <9> not available
(Font)              Font shape `OT1/ptm/b/n' tried instead on input line 1090.
LaTeX Font Info:    Font shape `OT1/ptm/bx/it' in size <9> not available
(Font)              Font shape `OT1/ptm/b/it' tried instead on input line 1090.
LaTeX Font Info:    Font shape `OT1/ptm/bx/n' in size <10> not available
(Font)              Font shape `OT1/ptm/b/n' tried instead on input line 1090.
LaTeX Font Info:    Font shape `OT1/ptm/bx/it' in size <10> not available
(Font)              Font shape `OT1/ptm/b/it' tried instead on input line 1090.
LaTeX Font Info:    Font shape `OT1/ptm/bx/n' in size <11> not available
(Font)              Font shape `OT1/ptm/b/n' tried instead on input line 1090.
LaTeX Font Info:    Font shape `OT1/ptm/bx/it' in size <11> not available
(Font)              Font shape `OT1/ptm/b/it' tried instead on input line 1090.
LaTeX Font Info:    Font shape `OT1/ptm/bx/n' in size <12> not available
(Font)              Font shape `OT1/ptm/b/n' tried instead on input line 1090.
LaTeX Font Info:    Font shape `OT1/ptm/bx/it' in size <12> not available
(Font)              Font shape `OT1/ptm/b/it' tried instead on input line 1090.
LaTeX Font Info:    Font shape `OT1/ptm/bx/n' in size <17> not available
(Font)              Font shape `OT1/ptm/b/n' tried instead on input line 1090.
LaTeX Font Info:    Font shape `OT1/ptm/bx/it' in size <17> not available
(Font)              Font shape `OT1/ptm/b/it' tried instead on input line 1090.
LaTeX Font Info:    Font shape `OT1/ptm/bx/n' in size <20> not available
(Font)              Font shape `OT1/ptm/b/n' tried instead on input line 1090.
LaTeX Font Info:    Font shape `OT1/ptm/bx/it' in size <20> not available
(Font)              Font shape `OT1/ptm/b/it' tried instead on input line 1090.
LaTeX Font Info:    Font shape `OT1/ptm/bx/n' in size <24> not available
(Font)              Font shape `OT1/ptm/b/n' tried instead on input line 1090.
LaTeX Font Info:    Font shape `OT1/ptm/bx/it' in size <24> not available
(Font)              Font shape `OT1/ptm/b/it' tried instead on input line 1090.
\IEEEquantizedlength=\dimen147
\IEEEquantizedlengthdiff=\dimen148
\IEEEquantizedtextheightdiff=\dimen149
\IEEEilabelindentA=\dimen150
\IEEEilabelindentB=\dimen151
\IEEEilabelindent=\dimen152
\IEEEelabelindent=\dimen153
\IEEEdlabelindent=\dimen154
\IEEElabelindent=\dimen155
\IEEEiednormlabelsep=\dimen156
\IEEEiedmathlabelsep=\dimen157
\IEEEiedtopsep=\skip48
\c@section=\count189
\c@subsection=\count190
\c@subsubsection=\count191
\c@paragraph=\count192
\c@IEEEsubequation=\count193
\abovecaptionskip=\skip49
\belowcaptionskip=\skip50
\c@figure=\count194
\c@table=\count195
\@IEEEeqnnumcols=\count196
\@IEEEeqncolcnt=\count197
\@IEEEsubeqnnumrollback=\count198
\@IEEEquantizeheightA=\dimen158
\@IEEEquantizeheightB=\dimen159
\@IEEEquantizeheightC=\dimen160
\@IEEEquantizeprevdepth=\dimen161
\@IEEEquantizemultiple=\count199
\@IEEEquantizeboxA=\box51
\@IEEEtmpitemindent=\dimen162
\IEEEPARstartletwidth=\dimen163
\c@IEEEbiography=\count266
\@IEEEtranrubishbin=\box52
) (C:\Users\randa\AppData\Local\Programs\MiKTeX\tex/latex/amsmath\amsmath.sty
Package: amsmath 2023/05/13 v2.17o AMS math features
\@mathmargin=\skip51

For additional information on amsmath, use the `?' option.
(C:\Users\randa\AppData\Local\Programs\MiKTeX\tex/latex/amsmath\amstext.sty
Package: amstext 2021/08/26 v2.01 AMS text
 (C:\Users\randa\AppData\Local\Programs\MiKTeX\tex/latex/amsmath\amsgen.sty
File: amsgen.sty 1999/11/30 v2.0 generic functions
\@emptytoks=\toks18
\ex@=\dimen164
)) (C:\Users\randa\AppData\Local\Programs\MiKTeX\tex/latex/amsmath\amsbsy.sty
Package: amsbsy 1999/11/29 v1.2d Bold Symbols
\pmbraise@=\dimen165
) (C:\Users\randa\AppData\Local\Programs\MiKTeX\tex/latex/amsmath\amsopn.sty
Package: amsopn 2022/04/08 v2.04 operator names
)
\inf@bad=\count267
LaTeX Info: Redefining \frac on input line 234.
\uproot@=\count268
\leftroot@=\count269
LaTeX Info: Redefining \overline on input line 399.
LaTeX Info: Redefining \colon on input line 410.
\classnum@=\count270
\DOTSCASE@=\count271
LaTeX Info: Redefining \ldots on input line 496.
LaTeX Info: Redefining \dots on input line 499.
LaTeX Info: Redefining \cdots on input line 620.
\Mathstrutbox@=\box53
\strutbox@=\box54
LaTeX Info: Redefining \big on input line 722.
LaTeX Info: Redefining \Big on input line 723.
LaTeX Info: Redefining \bigg on input line 724.
LaTeX Info: Redefining \Bigg on input line 725.
\big@size=\dimen166
LaTeX Font Info:    Redeclaring font encoding OML on input line 743.
LaTeX Font Info:    Redeclaring font encoding OMS on input line 744.
\macc@depth=\count272
LaTeX Info: Redefining \bmod on input line 905.
LaTeX Info: Redefining \pmod on input line 910.
LaTeX Info: Redefining \smash on input line 940.
LaTeX Info: Redefining \relbar on input line 970.
LaTeX Info: Redefining \Relbar on input line 971.
\c@MaxMatrixCols=\count273
\dotsspace@=\muskip16
\c@parentequation=\count274
\dspbrk@lvl=\count275
\tag@help=\toks19
\row@=\count276
\column@=\count277
\maxfields@=\count278
\andhelp@=\toks20
\eqnshift@=\dimen167
\alignsep@=\dimen168
\tagshift@=\dimen169
\tagwidth@=\dimen170
\totwidth@=\dimen171
\lineht@=\dimen172
\@envbody=\toks21
\multlinegap=\skip52
\multlinetaggap=\skip53
\mathdisplay@stack=\toks22
LaTeX Info: Redefining \[ on input line 2953.
LaTeX Info: Redefining \] on input line 2954.
) (C:\Users\randa\AppData\Local\Programs\MiKTeX\tex/latex/amsfonts\amsfonts.sty
Package: amsfonts 2013/01/14 v3.01 Basic AMSFonts support
\symAMSa=\mathgroup4
\symAMSb=\mathgroup5
LaTeX Font Info:    Redeclaring math symbol \hbar on input line 98.
LaTeX Font Info:    Overwriting math alphabet `\mathfrak' in version `bold'
(Font)                  U/euf/m/n --> U/euf/b/n on input line 106.
) (C:\Users\randa\AppData\Local\Programs\MiKTeX\tex/latex/algorithms\algorithmic.sty
Package: algorithmic 2009/08/24 v0.1 Document Style `algorithmic'
 (C:\Users\randa\AppData\Local\Programs\MiKTeX\tex/latex/base\ifthen.sty
Package: ifthen 2022/04/13 v1.1d Standard LaTeX ifthen package (DPC)
) (C:\Users\randa\AppData\Local\Programs\MiKTeX\tex/latex/graphics\keyval.sty
Package: keyval 2022/05/29 v1.15 key=value parser (DPC)
\KV@toks@=\toks23
)
\c@ALC@unique=\count279
\c@ALC@line=\count280
\c@ALC@rem=\count281
\c@ALC@depth=\count282
\ALC@tlm=\skip54
\algorithmicindent=\skip55
) (C:\Users\randa\AppData\Local\Programs\MiKTeX\tex/latex/algorithms\algorithm.sty
Package: algorithm 2009/08/24 v0.1 Document Style `algorithm' - floating environment
 (C:\Users\randa\AppData\Local\Programs\MiKTeX\tex/latex/float\float.sty
Package: float 2001/11/08 v1.3d Float enhancements (AL)
\c@float@type=\count283
\float@exts=\toks24
\float@box=\box55
\@float@everytoks=\toks25
\@floatcapt=\box56
)
\@float@every@algorithm=\toks26
\c@algorithm=\count284
) (C:\Users\randa\AppData\Local\Programs\MiKTeX\tex/latex/tools\array.sty
Package: array 2023/10/16 v2.5g Tabular extension package (FMi)
\col@sep=\dimen173
\ar@mcellbox=\box57
\extrarowheight=\dimen174
\NC@list=\toks27
\extratabsurround=\skip56
\backup@length=\skip57
\ar@cellbox=\box58
) (C:\Users\randa\AppData\Local\Programs\MiKTeX\tex/latex/subfig\subfig.sty
Package: subfig 2005/06/28 ver: 1.3 subfig package
 (C:\Users\randa\AppData\Local\Programs\MiKTeX\tex/latex/caption\caption3.sty
Package: caption3 2023/07/31 v2.4d caption3 kernel (AR)
\caption@tempdima=\dimen175
\captionmargin=\dimen176
\caption@leftmargin=\dimen177
\caption@rightmargin=\dimen178
\caption@width=\dimen179
\caption@indent=\dimen180
\caption@parindent=\dimen181
\caption@hangindent=\dimen182
Package caption Info: Unknown document class (or package),
(caption)             standard defaults will be used.
Package caption Info: \@makecaption = \long macro:#1#2->\ifx \@captype \@IEEEtablestring \footnotesize \bgroup \par \centering \@IEEEtabletopskipstrut {\normalfont \footnotesize #1}\\{\normalfont \footnotesize \scshape #2}\par \addvspace {0.5\baselineskip }\egroup \@IEEEtablecaptionsepspace \else \@IEEEfigurecaptionsepspace \setbox \@tempboxa \hbox {\normalfont \footnotesize {#1.}\nobreakspace \nobreakspace #2}\ifdim \wd \@tempboxa >\hsize \setbox \@tempboxa \hbox {\normalfont \footnotesize {#1.}\nobreakspace \nobreakspace }\parbox [t]{\hsize }{\normalfont \footnotesize \noindent \unhbox \@tempboxa #2}\else \ifCLASSOPTIONconference \hbox to\hsize {\normalfont \footnotesize \hfil \box \@tempboxa \hfil }\else \hbox to\hsize {\normalfont \footnotesize \box \@tempboxa \hfil }\fi \fi \fi  on input line 1175.
)
\c@KVtest=\count285
\sf@farskip=\skip58
\sf@captopadj=\dimen183
\sf@capskip=\skip59
\sf@nearskip=\skip60
\c@subfigure=\count286
\c@subfigure@save=\count287
\c@lofdepth=\count288
\c@subtable=\count289
\c@subtable@save=\count290
\c@lotdepth=\count291
\sf@top=\skip61
\sf@bottom=\skip62
) (C:\Users\randa\AppData\Local\Programs\MiKTeX\tex/latex/base\textcomp.sty
Package: textcomp 2020/02/02 v2.0n Standard LaTeX package
) (C:\Users\randa\AppData\Local\Programs\MiKTeX\tex/latex/sttools\stfloats.sty
Package: stfloats 2017/03/27 v3.3 Improve float mechanism and baselineskip settings
\@dblbotnum=\count292
\c@dblbotnumber=\count293
) (C:\Users\randa\AppData\Local\Programs\MiKTeX\tex/latex/url\url.sty
\Urlmuskip=\muskip17
Package: url 2013/09/16  ver 3.4  Verb mode for urls, etc.
) (C:\Users\randa\AppData\Local\Programs\MiKTeX\tex/latex/tools\verbatim.sty
Package: verbatim 2023-11-06 v1.5v LaTeX2e package for verbatim enhancements
\every@verbatim=\toks28
\verbatim@line=\toks29
\verbatim@in@stream=\read2
) (C:\Users\randa\AppData\Local\Programs\MiKTeX\tex/latex/graphics\graphicx.sty
Package: graphicx 2021/09/16 v1.2d Enhanced LaTeX Graphics (DPC,SPQR)
 (C:\Users\randa\AppData\Local\Programs\MiKTeX\tex/latex/graphics\graphics.sty
Package: graphics 2022/03/10 v1.4e Standard LaTeX Graphics (DPC,SPQR)
 (C:\Users\randa\AppData\Local\Programs\MiKTeX\tex/latex/graphics\trig.sty
Package: trig 2021/08/11 v1.11 sin cos tan (DPC)
) (C:\Users\randa\AppData\Local\Programs\MiKTeX\tex/latex/graphics-cfg\graphics.cfg
File: graphics.cfg 2016/06/04 v1.11 sample graphics configuration
)
Package graphics Info: Driver file: pdftex.def on input line 107.
 (C:\Users\randa\AppData\Local\Programs\MiKTeX\tex/latex/graphics-def\pdftex.def
File: pdftex.def 2022/09/22 v1.2b Graphics/color driver for pdftex
))
\Gin@req@height=\dimen184
\Gin@req@width=\dimen185
) (C:\Users\randa\AppData\Local\Programs\MiKTeX\tex/latex/tools\tabularx.sty
Package: tabularx 2023/07/08 v2.11c `tabularx' package (DPC)
\TX@col@width=\dimen186
\TX@old@table=\dimen187
\TX@old@col=\dimen188
\TX@target=\dimen189
\TX@delta=\dimen190
\TX@cols=\count294
\TX@ftn=\toks30
) (C:\Users\randa\AppData\Local\Programs\MiKTeX\tex/latex/cite\cite.sty
LaTeX Info: Redefining \cite on input line 302.
LaTeX Info: Redefining \nocite on input line 332.
Package: cite 2015/02/27  v 5.5
) (C:\Users\randa\AppData\Local\Programs\MiKTeX\tex/latex/l3backend\l3backend-pdftex.def
File: l3backend-pdftex.def 2023-11-09 L3 backend support: PDF output (pdfTeX)
\l__color_backend_stack_int=\count295
\l__pdf_internal_box=\box59
) (EEC201FinalProject.aux)
\openout1 = `EEC201FinalProject.aux'.

LaTeX Font Info:    Checking defaults for OML/cmm/m/it on input line 17.
LaTeX Font Info:    ... okay on input line 17.
LaTeX Font Info:    Checking defaults for OMS/cmsy/m/n on input line 17.
LaTeX Font Info:    ... okay on input line 17.
LaTeX Font Info:    Checking defaults for OT1/cmr/m/n on input line 17.
LaTeX Font Info:    ... okay on input line 17.
LaTeX Font Info:    Checking defaults for T1/cmr/m/n on input line 17.
LaTeX Font Info:    ... okay on input line 17.
LaTeX Font Info:    Checking defaults for TS1/cmr/m/n on input line 17.
LaTeX Font Info:    ... okay on input line 17.
LaTeX Font Info:    Checking defaults for OMX/cmex/m/n on input line 17.
LaTeX Font Info:    ... okay on input line 17.
LaTeX Font Info:    Checking defaults for U/cmr/m/n on input line 17.
LaTeX Font Info:    ... okay on input line 17.

-- Lines per column: 56 (exact).
Package caption Info: Begin \AtBeginDocument code.
Package caption Info: subfig package v1.3 is loaded.
Package caption Info: End \AtBeginDocument code.
(C:\Users\randa\AppData\Local\Programs\MiKTeX\tex/context/base/mkii\supp-pdf.mkii
[Loading MPS to PDF converter (version 2006.09.02).]
\scratchcounter=\count296
\scratchdimen=\dimen191
\scratchbox=\box60
\nofMPsegments=\count297
\nofMParguments=\count298
\everyMPshowfont=\toks31
\MPscratchCnt=\count299
\MPscratchDim=\dimen192
\MPnumerator=\count300
\makeMPintoPDFobject=\count301
\everyMPtoPDFconversion=\toks32
) (C:\Users\randa\AppData\Local\Programs\MiKTeX\tex/latex/epstopdf-pkg\epstopdf-base.sty
Package: epstopdf-base 2020-01-24 v2.11 Base part for package epstopdf
Package epstopdf-base Info: Redefining graphics rule for `.eps' on input line 485.
 (C:\Users\randa\AppData\Local\Programs\MiKTeX\tex/latex/00miktex\epstopdf-sys.cfg
File: epstopdf-sys.cfg 2021/03/18 v2.0 Configuration of epstopdf for MiKTeX
)) [1{C:/Users/randa/AppData/Local/MiKTeX/fonts/map/pdftex/pdftex.map}{C:/Users/randa/AppData/Local/Programs/MiKTeX/fonts/enc/dvips/base/8r.enc}


] (C:\Users\randa\AppData\Local\Programs\MiKTeX\tex/latex/amsfonts\umsa.fd) (C:\Users\randa\AppData\Local\Programs\MiKTeX\tex/latex/amsfonts\umsb.fd)
Underfull \hbox (badness 10000) in paragraph at lines 82--82
[]|\OT1/ptm/m/n/8 Number of
 []


Underfull \hbox (badness 5893) in paragraph at lines 82--82
\OT1/ptm/m/n/8 sam-ples in a
 []


Underfull \hbox (badness 10000) in paragraph at lines 82--82
[]|\OT1/ptm/m/n/8 Number
 []


Underfull \hbox (badness 10000) in paragraph at lines 82--82
\OT1/ptm/m/n/8 of sam-ples
 []


Underfull \hbox (badness 10000) in paragraph at lines 82--82
\OT1/ptm/m/n/8 be-tween the
 []


Underfull \hbox (badness 2486) in paragraph at lines 82--82
\OT1/ptm/m/n/8 start of ev-ery
 []


Underfull \hbox (badness 10000) in paragraph at lines 82--82
[]|$\OML/cmm/m/it/8 N$\OT1/ptm/m/n/8 *(0.4, 0.5,
 []


Underfull \hbox (badness 3386) in paragraph at lines 82--82
[]|\OT1/ptm/m/n/8 Type of win-
 []


Underfull \hbox (badness 2846) in paragraph at lines 82--82
\OT1/ptm/m/n/8 dow used for
 []


Underfull \hbox (badness 10000) in paragraph at lines 82--82
[]|\OT1/ptm/m/n/8 Hamming,
 []


Underfull \hbox (badness 10000) in paragraph at lines 82--82
\OT1/ptm/m/n/8 Han-ning,
 []


Underfull \hbox (badness 10000) in paragraph at lines 82--82
[]|\OT1/ptm/m/n/8 Number of
 []


Underfull \hbox (badness 10000) in paragraph at lines 82--82
[]|\OT1/ptm/m/n/8 Number of
 []


Underfull \hbox (badness 10000) in paragraph at lines 82--82
\OT1/ptm/m/n/8 di-men-sions
 []


Underfull \hbox (badness 3158) in paragraph at lines 82--82
\OT1/ptm/m/n/8 for each data
 []


Underfull \hbox (badness 10000) in paragraph at lines 82--82
\OT1/ptm/m/n/8 cre-ated the
 []


Overfull \hbox (1.15799pt too wide) in paragraph at lines 82--82
[]|$\OML/cmm/m/it/8 size[]codebook$| 
 []


Underfull \hbox (badness 10000) in paragraph at lines 82--82
[]|\OT1/ptm/m/n/8 Number of
 []

<figures/twelve_sweep_hamming.png, id=8, 445.1832pt x 325.9377pt>
File: figures/twelve_sweep_hamming.png Graphic file (type png)
<use figures/twelve_sweep_hamming.png>
Package pdftex.def Info: figures/twelve_sweep_hamming.png  used on input line 89.
(pdftex.def)             Requested size: 154.80157pt x 113.33885pt.
LaTeX Font Info:    Trying to load font information for OT1+phv on input line 89.
(C:\Users\randa\AppData\Local\Programs\MiKTeX\tex/latex/psnfss\ot1phv.fd
File: ot1phv.fd 2020/03/25 scalable font definitions for OT1/phv.
)
File: figures/twelve_sweep_hamming.png Graphic file (type png)
<use figures/twelve_sweep_hamming.png>
Package pdftex.def Info: figures/twelve_sweep_hamming.png  used on input line 91.
(pdftex.def)             Requested size: 154.80157pt x 113.33885pt.
File: figures/twelve_sweep_hamming.png Graphic file (type png)
<use figures/twelve_sweep_hamming.png>
Package pdftex.def Info: figures/twelve_sweep_hamming.png  used on input line 93.
(pdftex.def)             Requested size: 154.80157pt x 113.33885pt.
File: figures/twelve_sweep_hamming.png Graphic file (type png)
<use figures/twelve_sweep_hamming.png>
Package pdftex.def Info: figures/twelve_sweep_hamming.png  used on input line 95.
(pdftex.def)             Requested size: 154.80157pt x 113.33885pt.
File: figures/twelve_sweep_hamming.png Graphic file (type png)
<use figures/twelve_sweep_hamming.png>
Package pdftex.def Info: figures/twelve_sweep_hamming.png  used on input line 97.
(pdftex.def)             Requested size: 154.80157pt x 113.33885pt.
File: figures/twelve_sweep_hamming.png Graphic file (type png)
<use figures/twelve_sweep_hamming.png>
Package pdftex.def Info: figures/twelve_sweep_hamming.png  used on input line 99.
(pdftex.def)             Requested size: 154.80157pt x 113.33885pt.


LaTeX Warning: `!h' float specifier changed to `!ht'.

<figures/audiowave.png, id=10, 243.15843pt x 184.43906pt>
File: figures/audiowave.png Graphic file (type png)
<use figures/audiowave.png>
Package pdftex.def Info: figures/audiowave.png  used on input line 115.
(pdftex.def)             Requested size: 258.0pt x 195.69583pt.

Overfull \hbox (6.0pt too wide) in paragraph at lines 115--116
 [][] 
 []


LaTeX Warning: `!h' float specifier changed to `!ht'.

<figures/stft1.png, id=11, 240.14719pt x 188.95593pt>
File: figures/stft1.png Graphic file (type png)
<use figures/stft1.png>
Package pdftex.def Info: figures/stft1.png  used on input line 122.
(pdftex.def)             Requested size: 154.80157pt x 121.805pt.
<figures/stft2.png, id=12, 228.10219pt x 179.16937pt>
File: figures/stft2.png Graphic file (type png)
<use figures/stft2.png>
Package pdftex.def Info: figures/stft2.png  used on input line 124.
(pdftex.def)             Requested size: 154.80157pt x 121.5957pt.
<figures/stft3.png, id=13, 231.86626pt x 182.18062pt>
File: figures/stft3.png Graphic file (type png)
<use figures/stft3.png>
Package pdftex.def Info: figures/stft3.png  used on input line 126.
(pdftex.def)             Requested size: 154.80157pt x 121.63226pt.
<figures/melweights.png, id=14, 469.755pt x 147.55125pt>
File: figures/melweights.png Graphic file (type png)
<use figures/melweights.png>
Package pdftex.def Info: figures/melweights.png  used on input line 137.
(pdftex.def)             Requested size: 516.0pt x 162.07721pt.
<figures/melspectrum1.png, id=15, 469.755pt x 167.12437pt>
File: figures/melspectrum1.png Graphic file (type png)
<use figures/melspectrum1.png>
Package pdftex.def Info: figures/melspectrum1.png  used on input line 145.
(pdftex.def)             Requested size: 516.0pt x 183.57724pt.
<figures/melspectrum2.png, id=16, 469.755pt x 167.12437pt>
File: figures/melspectrum2.png Graphic file (type png)
<use figures/melspectrum2.png>
Package pdftex.def Info: figures/melspectrum2.png  used on input line 147.
(pdftex.def)             Requested size: 516.0pt x 183.57724pt.
<figures/centroids.png, id=17, 258.21469pt x 204.765pt>
File: figures/centroids.png Graphic file (type png)
<use figures/centroids.png>
Package pdftex.def Info: figures/centroids.png  used on input line 161.
(pdftex.def)             Requested size: 258.0pt x 204.6145pt.

Overfull \hbox (6.0pt too wide) in paragraph at lines 161--162
 [][] 
 []

<figures/notchfilter.png, id=18, 432.11438pt x 342.5297pt>
File: figures/notchfilter.png Graphic file (type png)
<use figures/notchfilter.png>
Package pdftex.def Info: figures/notchfilter.png  used on input line 174.
(pdftex.def)             Requested size: 258.0pt x 204.52112pt.

Overfull \hbox (6.0pt too wide) in paragraph at lines 174--175
 [][] 
 []


LaTeX Warning: `!h' float specifier changed to `!ht'.

[2]

LaTeX Warning: Text page 3 contains only floats.

[3 <./figures/twelve_sweep_hamming.png> <./figures/audiowave.png>]

** Conference Paper **
Before submitting the final camera ready copy, remember to:

 1. Manually equalize the lengths of two columns on the last page
 of your paper;

 2. Ensure that any PostScript and/or PDF output post-processing
 uses only Type 1 fonts and that every step in the generation
 process uses the appropriate paper size.

[4 <./figures/stft1.png> <./figures/stft2.png> <./figures/stft3.png> <./figures/melweights.png>] [5 <./figures/melspectrum1.png> <./figures/melspectrum2.png>] [6


 <./figures/centroids.png> <./figures/notchfilter.png>] (EEC201FinalProject.aux)
 ***********
LaTeX2e <2023-11-01>
L3 programming layer <2023-11-09>
 ***********
 ) 
Here is how much of TeX's memory you used:
 4831 strings out of 474587
 85798 string characters out of 5745702
 1951558 words of memory out of 5000000
 26953 multiletter control sequences out of 15000+600000
 597333 words of font info for 110 fonts, out of 8000000 for 9000
 1145 hyphenation exceptions out of 8191
 57i,15n,65p,873b,506s stack positions out of 10000i,1000n,20000p,200000b,200000s
<C:/Users/randa/AppData/Local/Programs/MiKTeX/fonts/type1/public/amsfonts/cm/cmmi10.pfb><C:/Users/randa/AppData/Local/Programs/MiKTeX/fonts/type1/public/amsfonts/cm/cmmi8.pfb><C:/Users/randa/AppData/Local/Programs/MiKTeX/fonts/type1/public/amsfonts/cm/cmr10.pfb><C:/Users/randa/AppData/Local/Programs/MiKTeX/fonts/type1/public/amsfonts/cm/cmr8.pfb><C:/Users/randa/AppData/Local/Programs/MiKTeX/fonts/type1/urw/helvetic/uhvr8a.pfb><C:/Users/randa/AppData/Local/Programs/MiKTeX/fonts/type1/urw/times/utmb8a.pfb><C:/Users/randa/AppData/Local/Programs/MiKTeX/fonts/type1/urw/times/utmbi8a.pfb><C:/Users/randa/AppData/Local/Programs/MiKTeX/fonts/type1/urw/times/utmr8a.pfb><C:/Users/randa/AppData/Local/Programs/MiKTeX/fonts/type1/urw/times/utmri8a.pfb>
Output written on EEC201FinalProject.pdf (6 pages, 436205 bytes).
PDF statistics:
 88 PDF objects out of 1000 (max. 8388607)
 0 named destinations out of 1000 (max. 500000)
 51 words of extra memory for PDF output out of 10000 (max. 10000000)

